verilator -cc --exe -x-assign fast -Wall --assert --coverage-line -Wno-WIDTHEXPAND -Wno-BLKSEQ -Wno-VARHIDDEN -Wno-WIDTHTRUNC -Wno-UNUSEDSIGNAL -f input.vc top_module.v sim-main.cpp rfuzz-harness.cpp
- V e r i l a t i o n   R e p o r t: Verilator 5.032 2025-01-01 rev UNKNOWN.REV
- Verilator: Built from 0.000 MB sources in 0 modules, into 0.000 MB in 0 C++ files needing 0.000 MB
- Verilator: Walltime 0.001 s (elab=0.000, cvt=0.000, bld=0.000); cpu 0.001 s on 1 threads
cd obj_dir && make -f Vtop_module.mk
c++  -I.  -MMD -I/opt/homebrew/Cellar/verilator/5.032/share/verilator/include -I/opt/homebrew/Cellar/verilator/5.032/share/verilator/include/vltstd -DVM_COVERAGE=1 -DVM_SC=0 -DVM_TIMING=0 -DVM_TRACE=0 -DVM_TRACE_FST=0 -DVM_TRACE_VCD=0 -faligned-new -fbracket-depth=4096 -fcf-protection=none -Qunused-arguments -Wno-bool-operation -Wno-c++11-narrowing -Wno-constant-logical-operand -Wno-non-pod-varargs -Wno-parentheses-equality -Wno-shadow -Wno-sign-compare -Wno-tautological-bitwise-compare -Wno-tautological-compare -Wno-uninitialized -Wno-unused-but-set-parameter -Wno-unused-but-set-variable -Wno-unused-parameter -Wno-unused-variable     -std=gnu++17 -Os  -c -o rfuzz-harness.o ../rfuzz-harness.cpp
../rfuzz-harness.cpp:24:18: error: no member named 'q' in 'Vtop_module'
   24 |         if (top->q != 0x1) {
      |             ~~~  ^
../rfuzz-harness.cpp:29:98: error: no member named 'q' in 'Vtop_module'
   29 |             printf("At %d clock cycle of %d, top->%s = 0x%x, expected = 0x%x\n", 0,12, "q", top->q, 0x1);
      |                                                                                             ~~~  ^
../rfuzz-harness.cpp:38:18: error: no member named 'q' in 'Vtop_module'
   38 |         if (top->q != 0x2) {
      |             ~~~  ^
../rfuzz-harness.cpp:43:98: error: no member named 'q' in 'Vtop_module'
   43 |             printf("At %d clock cycle of %d, top->%s = 0x%x, expected = 0x%x\n", 1,12, "q", top->q, 0x2);
      |                                                                                             ~~~  ^
../rfuzz-harness.cpp:52:18: error: no member named 'q' in 'Vtop_module'
   52 |         if (top->q != 0x3) {
      |             ~~~  ^
../rfuzz-harness.cpp:57:98: error: no member named 'q' in 'Vtop_module'
   57 |             printf("At %d clock cycle of %d, top->%s = 0x%x, expected = 0x%x\n", 2,12, "q", top->q, 0x3);
      |                                                                                             ~~~  ^
../rfuzz-harness.cpp:66:18: error: no member named 'q' in 'Vtop_module'
   66 |         if (top->q != 0x4) {
      |             ~~~  ^
../rfuzz-harness.cpp:71:98: error: no member named 'q' in 'Vtop_module'
   71 |             printf("At %d clock cycle of %d, top->%s = 0x%x, expected = 0x%x\n", 3,12, "q", top->q, 0x4);
      |                                                                                             ~~~  ^
../rfuzz-harness.cpp:80:18: error: no member named 'q' in 'Vtop_module'
   80 |         if (top->q != 0x5) {
      |             ~~~  ^
../rfuzz-harness.cpp:85:98: error: no member named 'q' in 'Vtop_module'
   85 |             printf("At %d clock cycle of %d, top->%s = 0x%x, expected = 0x%x\n", 4,12, "q", top->q, 0x5);
      |                                                                                             ~~~  ^
../rfuzz-harness.cpp:94:18: error: no member named 'q' in 'Vtop_module'
   94 |         if (top->q != 0x6) {
      |             ~~~  ^
../rfuzz-harness.cpp:99:98: error: no member named 'q' in 'Vtop_module'
   99 |             printf("At %d clock cycle of %d, top->%s = 0x%x, expected = 0x%x\n", 5,12, "q", top->q, 0x6);
      |                                                                                             ~~~  ^
../rfuzz-harness.cpp:108:18: error: no member named 'q' in 'Vtop_module'
  108 |         if (top->q != 0x7) {
      |             ~~~  ^
../rfuzz-harness.cpp:113:98: error: no member named 'q' in 'Vtop_module'
  113 |             printf("At %d clock cycle of %d, top->%s = 0x%x, expected = 0x%x\n", 6,12, "q", top->q, 0x7);
      |                                                                                             ~~~  ^
../rfuzz-harness.cpp:122:18: error: no member named 'q' in 'Vtop_module'
  122 |         if (top->q != 0x8) {
      |             ~~~  ^
../rfuzz-harness.cpp:127:98: error: no member named 'q' in 'Vtop_module'
  127 |             printf("At %d clock cycle of %d, top->%s = 0x%x, expected = 0x%x\n", 7,12, "q", top->q, 0x8);
      |                                                                                             ~~~  ^
../rfuzz-harness.cpp:136:18: error: no member named 'q' in 'Vtop_module'
  136 |         if (top->q != 0x9) {
      |             ~~~  ^
../rfuzz-harness.cpp:141:98: error: no member named 'q' in 'Vtop_module'
  141 |             printf("At %d clock cycle of %d, top->%s = 0x%x, expected = 0x%x\n", 8,12, "q", top->q, 0x9);
      |                                                                                             ~~~  ^
../rfuzz-harness.cpp:150:18: error: no member named 'q' in 'Vtop_module'
  150 |         if (top->q != 0x0) {
      |             ~~~  ^
fatal error: too many errors emitted, stopping now [-ferror-limit=]
20 errors generated.
make[1]: *** [rfuzz-harness.o] Error 1
make: *** [run] Error 2
